<?xml version="1.0" encoding="UTF-8"?>
<!-- Generated by org.testng.reporters.JUnitReportReporter -->
<testsuite hostname="DESKTOP-BI573EB" failures="0" tests="2" name="visibletext.dropdownElements" time="4.667" errors="0" timestamp="2023-07-12T00:14:12 IST" skipped="1">
  <testcase classname="visibletext.dropdownElements" name="visibleindex" time="4.667"/>
  <testcase classname="visibletext.dropdownElements" name="visibletext">
    <skipped/>
  </testcase> <!-- visibletext -->
</testsuite> <!-- visibletext.dropdownElements -->
